<?xml version="1.0" encoding="UTF-8"?>
<transfer>
  <section-def-cats>
    <def-cat n="adj">
      <cat-item tags="adj"/>
      <cat-item tags="adj.*"/>
    </def-cat>
    <def-cat n="n">
      <cat-item tags="n"/>
      <cat-item tags="n.*"/>
    </def-cat>
    <def-cat n="vblex">
      <cat-item tags="vblex"/>
      <cat-item tags="vblex.*"/>
    </def-cat>
  </section-def-cats>
  <section-def-attrs>
    <def-attr n="gender">
      <attr-item tags="m"/>
      <attr-item tags="f"/>
      <attr-item tags="mf"/>
    </def-attr>
    <def-attr n="number">
      <attr-item tags="sg"/>
      <attr-item tags="pl"/>
      <attr-item tags="sp"/>
    </def-attr>
  </section-def-attrs>
  <section-def-vars>
    <def-var n="number"/>
  </section-def-vars>
  <section-rules>
  </section-rules>
</transfer>

